<?xml version="1.0" encoding="UTF-8"?>
<testsuite name="google_assistant_api.HelloWorldConfigurationTests" time="0.433" tests="2" errors="0" skipped="0" failures="0">
  <properties>
[...]
</properties>
  <testcase name="shouldReturn200WhenSendingRequestToManagementEndpoint" classname="google_assistant_api.HelloWorldConfigurationTests" time="0.371"/>
  <testcase name="shouldReturn200WhenSendingRequestToController" classname="google_assistant_api.HelloWorldConfigurationTests" time="0.062"/>
</testsuite>